24-01-21 14:32:09 [INFO] Logger started.
24-01-21 14:32:09 [INFO] Logging system initialized.
24-01-21 14:32:09 [INFO] Detected Minecraft version: 1.20.1
24-01-21 14:32:27 [WARNING] Running in Bukkit-API-only mode (3871-Spigot-d2eba2c-3f9263b (MC: 1.20.1)). If this is not intended, please check for updates and consider to request support.
24-01-21 14:32:27 [WARNING]  Check for updates and support at BukkitDev: https://dev.bukkit.org/server-mods/nocheatplus/
24-01-21 14:32:27 [WARNING]  Development builds (unsupported by the Bukkit Staff, use at your own risk): https://ci.md-5.net/job/NoCheatPlus/changes
24-01-21 14:32:27 [WARNING] Bukkit-API-only mode: Some features will likely not function properly, performance might suffer.
24-01-21 14:32:27 [INFO] McAccess set to: 1.4.6-1.11.2|? / Bukkit-API
24-01-21 14:32:27 [INFO] Added block-info for Minecraft 1.5 blocks.
24-01-21 14:32:27 [INFO] Added block-info for Minecraft 1.6.1 blocks.
24-01-21 14:32:27 [INFO] Added block-info for Minecraft 1.7.2 blocks.
24-01-21 14:32:27 [INFO] Added block-info for Minecraft 1.8 blocks.
24-01-21 14:32:27 [INFO] Added block-info for Minecraft 1.9 blocks.
24-01-21 14:32:27 [INFO] Added block-info for Minecraft 1.10 blocks.
24-01-21 14:32:27 [INFO] Added block-info for Minecraft 1.11 blocks.
24-01-21 14:32:27 [INFO] Added block-info for Minecraft 1.12 blocks.
24-01-21 14:32:27 [INFO] Inventory checks: FastConsume is available, disabled InstantEat.
24-01-21 14:32:27 [WARNING] Packet level access via ProtocolLib not available, supported configurations:  | ProtocolLib 4.3.0 or later for Minecraft 1.12.x | ProtocolLib 4.2.0 or later for Minecraft 1.11.x | ProtocolLib 4.1 or later for Minecraft 1.8.x to 1.10.x | ProtocolLib 3.7.0 for Minecraft 1.7.x and earlier | ProtocolLib 3.6.6 for PaperSpigot 1.8.x
24-01-21 14:32:27 [INFO] Force disable FastHeal on Minecraft 1.9 and later.
24-01-21 14:32:27 [INFO] Version 3.16.0-RC-sMD5NET-b1134 is enabled.
24-01-21 14:32:27 [INFO] [GenericInstanceRegistry] Registered for itself: fr.neatmonster.nocheatplus.stats.Counters
24-01-21 14:32:27 [INFO] [GenericInstanceRegistry] Registered for itself: fr.neatmonster.nocheatplus.checks.workaround.WRPT
24-01-21 14:32:27 [INFO] [GenericInstanceRegistry] Registered for itself: fr.neatmonster.nocheatplus.checks.moving.location.tracking.LocationTrace$TraceEntryPool
24-01-21 14:32:27 [INFO] [GenericInstanceRegistry] Registered for itself: fr.neatmonster.nocheatplus.utilities.entity.PassengerUtil
24-01-21 14:32:27 [INFO] [GenericInstanceRegistry] Registered for itself: java.util.Random
24-01-21 14:32:27 [INFO] [GenericInstanceRegistry] Registered for fr.neatmonster.nocheatplus.compat.IBridgeCrossPlugin: fr.neatmonster.nocheatplus.compat.meta.BridgeCrossPlugin
24-01-21 14:32:27 [INFO] [GenericInstanceRegistry] Registered for fr.neatmonster.nocheatplus.compat.MCAccess: fr.neatmonster.nocheatplus.compat.bukkit.MCAccessBukkit
24-01-21 14:32:27 [INFO] [GenericInstanceRegistry] Registered for fr.neatmonster.nocheatplus.utilities.map.BlockCache: fr.neatmonster.nocheatplus.compat.bukkit.BlockCacheBukkit
24-01-21 14:32:27 [INFO] [GenericInstanceRegistry] Registered for fr.neatmonster.nocheatplus.components.modifier.IAttributeAccess: fr.neatmonster.nocheatplus.compat.bukkit.BukkitAttributeAccess
24-01-21 14:32:27 [INFO] Could not register an instance for: fr.neatmonster.nocheatplus.components.entity.IEntityAccessLastPositionAndLook
24-01-21 14:32:27 [INFO] [GenericInstanceRegistry] Registered for fr.neatmonster.nocheatplus.components.entity.IEntityAccessVehicle: fr.neatmonster.nocheatplus.compat.bukkit.EntityAccessVehicleMultiPassenger
24-01-21 14:32:27 [INFO] [GenericInstanceRegistry] Registered for itself: fr.neatmonster.nocheatplus.checks.moving.util.AuxMoving
24-01-21 14:32:27 [INFO] Added hook: AllViolations(NCP) [1.0].
24-01-21 14:32:27 [INFO] Post-enable running...
24-01-21 14:32:28 [INFO] Post-enable finished.
24-01-21 14:32:28 [INFO] ---- Version information ----
#### Server ####
3871-Spigot-d2eba2c-3f9263b ~MC: 1.20.1~
  detected: 1.20.1
#### NoCheatPlus ####
Plugin: 3.16.0-RC-sMD5NET-b1134
MCAccess: 1.4.6-1.11.2|? / Bukkit-API
Features:
  blocks: BlocksMC1_4 | BlocksMC1_5 | BlocksMC1_6_1 | BlocksMC1_7_2 | BlocksMC1_8 | BlocksMC1_9 | BlocksMC1_10 | BlocksMC1_11 | BlocksMC1_12
  checks: FastConsume | Gutenberg | HotFixFallingBlockPortalEnter
  defaults: pvpKnockBackVelocity
Hooks: AllViolations~NCP~ 1.0
#### Related Plugins ####
ProtocolLib v5.1.0
24-01-21 14:34:06 [INFO] Logger started.
24-01-21 14:34:06 [INFO] Logging system initialized.
24-01-21 14:34:06 [INFO] Detected Minecraft version: 1.20.1
24-01-21 14:35:11 [WARNING] Running in Bukkit-API-only mode (3871-Spigot-d2eba2c-3f9263b (MC: 1.20.1)). If this is not intended, please check for updates and consider to request support.
24-01-21 14:35:11 [WARNING]  Check for updates and support at BukkitDev: https://dev.bukkit.org/server-mods/nocheatplus/
24-01-21 14:35:11 [WARNING]  Development builds (unsupported by the Bukkit Staff, use at your own risk): https://ci.md-5.net/job/NoCheatPlus/changes
24-01-21 14:35:11 [WARNING] Bukkit-API-only mode: Some features will likely not function properly, performance might suffer.
24-01-21 14:35:11 [INFO] McAccess set to: 1.4.6-1.11.2|? / Bukkit-API
24-01-21 14:35:11 [INFO] Added block-info for Minecraft 1.5 blocks.
24-01-21 14:35:11 [INFO] Added block-info for Minecraft 1.6.1 blocks.
24-01-21 14:35:11 [INFO] Added block-info for Minecraft 1.7.2 blocks.
24-01-21 14:35:11 [INFO] Added block-info for Minecraft 1.8 blocks.
24-01-21 14:35:11 [INFO] Added block-info for Minecraft 1.9 blocks.
24-01-21 14:35:11 [INFO] Added block-info for Minecraft 1.10 blocks.
24-01-21 14:35:11 [INFO] Added block-info for Minecraft 1.11 blocks.
24-01-21 14:35:11 [INFO] Added block-info for Minecraft 1.12 blocks.
24-01-21 14:35:12 [INFO] Inventory checks: FastConsume is available, disabled InstantEat.
24-01-21 14:35:12 [WARNING] Packet level access via ProtocolLib not available, supported configurations:  | ProtocolLib 4.3.0 or later for Minecraft 1.12.x | ProtocolLib 4.2.0 or later for Minecraft 1.11.x | ProtocolLib 4.1 or later for Minecraft 1.8.x to 1.10.x | ProtocolLib 3.7.0 for Minecraft 1.7.x and earlier | ProtocolLib 3.6.6 for PaperSpigot 1.8.x
24-01-21 14:35:12 [INFO] Force disable FastHeal on Minecraft 1.9 and later.
24-01-21 14:35:12 [INFO] Version 3.16.0-RC-sMD5NET-b1134 is enabled.
24-01-21 14:35:12 [INFO] [GenericInstanceRegistry] Registered for itself: fr.neatmonster.nocheatplus.stats.Counters
24-01-21 14:35:12 [INFO] [GenericInstanceRegistry] Registered for itself: fr.neatmonster.nocheatplus.checks.workaround.WRPT
24-01-21 14:35:12 [INFO] [GenericInstanceRegistry] Registered for itself: fr.neatmonster.nocheatplus.checks.moving.location.tracking.LocationTrace$TraceEntryPool
24-01-21 14:35:12 [INFO] [GenericInstanceRegistry] Registered for itself: fr.neatmonster.nocheatplus.utilities.entity.PassengerUtil
24-01-21 14:35:12 [INFO] [GenericInstanceRegistry] Registered for itself: java.util.Random
24-01-21 14:35:12 [INFO] [GenericInstanceRegistry] Registered for fr.neatmonster.nocheatplus.compat.IBridgeCrossPlugin: fr.neatmonster.nocheatplus.compat.meta.BridgeCrossPlugin
24-01-21 14:35:12 [INFO] [GenericInstanceRegistry] Registered for fr.neatmonster.nocheatplus.compat.MCAccess: fr.neatmonster.nocheatplus.compat.bukkit.MCAccessBukkit
24-01-21 14:35:12 [INFO] [GenericInstanceRegistry] Registered for fr.neatmonster.nocheatplus.utilities.map.BlockCache: fr.neatmonster.nocheatplus.compat.bukkit.BlockCacheBukkit
24-01-21 14:35:12 [INFO] [GenericInstanceRegistry] Registered for fr.neatmonster.nocheatplus.components.modifier.IAttributeAccess: fr.neatmonster.nocheatplus.compat.bukkit.BukkitAttributeAccess
24-01-21 14:35:12 [INFO] Could not register an instance for: fr.neatmonster.nocheatplus.components.entity.IEntityAccessLastPositionAndLook
24-01-21 14:35:12 [INFO] [GenericInstanceRegistry] Registered for fr.neatmonster.nocheatplus.components.entity.IEntityAccessVehicle: fr.neatmonster.nocheatplus.compat.bukkit.EntityAccessVehicleMultiPassenger
24-01-21 14:35:12 [INFO] [GenericInstanceRegistry] Registered for itself: fr.neatmonster.nocheatplus.checks.moving.util.AuxMoving
24-01-21 14:35:12 [INFO] Added hook: AllViolations(NCP) [1.0].
24-01-21 14:35:12 [INFO] Post-enable running...
24-01-21 14:35:12 [INFO] Post-enable finished.
24-01-21 14:35:12 [INFO] ---- Version information ----
#### Server ####
3871-Spigot-d2eba2c-3f9263b ~MC: 1.20.1~
  detected: 1.20.1
#### NoCheatPlus ####
Plugin: 3.16.0-RC-sMD5NET-b1134
MCAccess: 1.4.6-1.11.2|? / Bukkit-API
Features:
  blocks: BlocksMC1_4 | BlocksMC1_5 | BlocksMC1_6_1 | BlocksMC1_7_2 | BlocksMC1_8 | BlocksMC1_9 | BlocksMC1_10 | BlocksMC1_11 | BlocksMC1_12
  checks: FastConsume | Gutenberg | HotFixFallingBlockPortalEnter
  defaults: pvpKnockBackVelocity
Hooks: AllViolations~NCP~ 1.0
#### Related Plugins ####
ProtocolLib v5.1.0
24-01-21 15:47:43 [INFO] Logger started.
24-01-21 15:47:43 [INFO] Logging system initialized.
24-01-21 15:47:43 [INFO] Detected Minecraft version: 1.20.1
24-01-21 15:48:04 [WARNING] Running in Bukkit-API-only mode (3871-Spigot-d2eba2c-3f9263b (MC: 1.20.1)). If this is not intended, please check for updates and consider to request support.
24-01-21 15:48:04 [WARNING]  Check for updates and support at BukkitDev: https://dev.bukkit.org/server-mods/nocheatplus/
24-01-21 15:48:04 [WARNING]  Development builds (unsupported by the Bukkit Staff, use at your own risk): https://ci.md-5.net/job/NoCheatPlus/changes
24-01-21 15:48:04 [WARNING] Bukkit-API-only mode: Some features will likely not function properly, performance might suffer.
24-01-21 15:48:04 [INFO] McAccess set to: 1.4.6-1.11.2|? / Bukkit-API
24-01-21 15:48:04 [INFO] Added block-info for Minecraft 1.5 blocks.
24-01-21 15:48:04 [INFO] Added block-info for Minecraft 1.6.1 blocks.
24-01-21 15:48:04 [INFO] Added block-info for Minecraft 1.7.2 blocks.
24-01-21 15:48:04 [INFO] Added block-info for Minecraft 1.8 blocks.
24-01-21 15:48:04 [INFO] Added block-info for Minecraft 1.9 blocks.
24-01-21 15:48:04 [INFO] Added block-info for Minecraft 1.10 blocks.
24-01-21 15:48:04 [INFO] Added block-info for Minecraft 1.11 blocks.
24-01-21 15:48:04 [INFO] Added block-info for Minecraft 1.12 blocks.
24-01-21 15:48:04 [INFO] Inventory checks: FastConsume is available, disabled InstantEat.
24-01-21 15:48:04 [WARNING] Packet level access via ProtocolLib not available, supported configurations:  | ProtocolLib 4.3.0 or later for Minecraft 1.12.x | ProtocolLib 4.2.0 or later for Minecraft 1.11.x | ProtocolLib 4.1 or later for Minecraft 1.8.x to 1.10.x | ProtocolLib 3.7.0 for Minecraft 1.7.x and earlier | ProtocolLib 3.6.6 for PaperSpigot 1.8.x
24-01-21 15:48:04 [INFO] Force disable FastHeal on Minecraft 1.9 and later.
24-01-21 15:48:04 [INFO] Version 3.16.0-RC-sMD5NET-b1134 is enabled.
24-01-21 15:48:04 [INFO] [GenericInstanceRegistry] Registered for itself: fr.neatmonster.nocheatplus.stats.Counters
24-01-21 15:48:04 [INFO] [GenericInstanceRegistry] Registered for itself: fr.neatmonster.nocheatplus.checks.workaround.WRPT
24-01-21 15:48:04 [INFO] [GenericInstanceRegistry] Registered for itself: fr.neatmonster.nocheatplus.checks.moving.location.tracking.LocationTrace$TraceEntryPool
24-01-21 15:48:04 [INFO] [GenericInstanceRegistry] Registered for itself: fr.neatmonster.nocheatplus.utilities.entity.PassengerUtil
24-01-21 15:48:04 [INFO] [GenericInstanceRegistry] Registered for itself: java.util.Random
24-01-21 15:48:04 [INFO] [GenericInstanceRegistry] Registered for fr.neatmonster.nocheatplus.compat.IBridgeCrossPlugin: fr.neatmonster.nocheatplus.compat.meta.BridgeCrossPlugin
24-01-21 15:48:04 [INFO] [GenericInstanceRegistry] Registered for fr.neatmonster.nocheatplus.compat.MCAccess: fr.neatmonster.nocheatplus.compat.bukkit.MCAccessBukkit
24-01-21 15:48:04 [INFO] [GenericInstanceRegistry] Registered for fr.neatmonster.nocheatplus.utilities.map.BlockCache: fr.neatmonster.nocheatplus.compat.bukkit.BlockCacheBukkit
24-01-21 15:48:04 [INFO] [GenericInstanceRegistry] Registered for fr.neatmonster.nocheatplus.components.modifier.IAttributeAccess: fr.neatmonster.nocheatplus.compat.bukkit.BukkitAttributeAccess
24-01-21 15:48:04 [INFO] Could not register an instance for: fr.neatmonster.nocheatplus.components.entity.IEntityAccessLastPositionAndLook
24-01-21 15:48:04 [INFO] [GenericInstanceRegistry] Registered for fr.neatmonster.nocheatplus.components.entity.IEntityAccessVehicle: fr.neatmonster.nocheatplus.compat.bukkit.EntityAccessVehicleMultiPassenger
24-01-21 15:48:04 [INFO] [GenericInstanceRegistry] Registered for itself: fr.neatmonster.nocheatplus.checks.moving.util.AuxMoving
24-01-21 15:48:04 [INFO] Added hook: AllViolations(NCP) [1.0].
24-01-21 15:48:04 [INFO] Post-enable running...
24-01-21 15:48:05 [INFO] Post-enable finished.
24-01-21 15:48:05 [INFO] ---- Version information ----
#### Server ####
3871-Spigot-d2eba2c-3f9263b ~MC: 1.20.1~
  detected: 1.20.1
#### NoCheatPlus ####
Plugin: 3.16.0-RC-sMD5NET-b1134
MCAccess: 1.4.6-1.11.2|? / Bukkit-API
Features:
  blocks: BlocksMC1_4 | BlocksMC1_5 | BlocksMC1_6_1 | BlocksMC1_7_2 | BlocksMC1_8 | BlocksMC1_9 | BlocksMC1_10 | BlocksMC1_11 | BlocksMC1_12
  checks: FastConsume | Gutenberg | HotFixFallingBlockPortalEnter
  defaults: pvpKnockBackVelocity
Hooks: AllViolations~NCP~ 1.0
#### Related Plugins ####
ProtocolLib v5.1.0
24-01-21 15:49:47 [INFO] Jammerenka failed CreativeFly: tried to move: 8.08, 112.00, 4.75 -> 8.75, 112.00, 6.15, d=1.56 (hfrict+hdist). VL 119.
24-01-21 15:49:53 [INFO] Jammerenka failed CreativeFly: tried to move: 12.72, 112.00, 14.10 -> 13.35, 112.00, 15.35, d=1.39 (hfrict+hdist). VL 237.
24-01-21 15:49:58 [INFO] Jammerenka failed CreativeFly: tried to move: 21.15, 111.00, 19.03 -> 22.13, 111.00, 18.13, d=1.34 (hfrict+hdist). VL 298.
24-01-21 15:49:59 [INFO] Jammerenka failed CreativeFly: tried to move: 21.83, 111.00, 18.41 -> 22.81, 111.00, 17.50, d=1.34 (hfrict+hdist). VL 407.
24-01-21 15:50:27 [INFO] Jammerenka failed CreativeFly: tried to move: 5.18, 114.86, 73.87 -> 5.18, 115.33, 73.87, d=0.47 (hfrict+vdist). VL 75.
24-01-21 15:50:30 [INFO] Jammerenka failed CreativeFly: tried to move: 6.05, 114.80, 49.42 -> 6.08, 115.30, 48.44, d=1.10 (vdist). VL 132.
24-01-21 15:50:33 [INFO] Jammerenka failed CreativeFly: tried to move: -0.41, 114.69, 31.42 -> -0.41, 115.19, 31.42, d=0.50 (hfrict+vdist). VL 74.
24-01-21 15:50:35 [INFO] Jammerenka failed CreativeFly: tried to move: -0.41, 114.68, 31.42 -> -0.41, 115.18, 31.42, d=0.50 (hfrict+vdist). VL 354.
24-01-21 15:50:41 [INFO] Jammerenka failed CreativeFly: tried to move: -0.41, 114.48, 31.42 -> 0.53, 114.48, 23.51, d=7.96 (hfrict+hdist). VL 761.
24-01-21 15:50:45 [INFO] Jammerenka failed CreativeFly: tried to move: -0.41, 114.43, 31.42 -> 1.62, 114.43, 23.72, d=7.96 (hfrict+hdist). VL 5361.
24-01-21 15:50:50 [INFO] Jammerenka failed CreativeFly: tried to move: -0.41, 114.38, 31.42 -> 1.62, 114.38, 23.72, d=7.96 (hfrict+hdist). VL 9048.
24-01-21 15:56:02 [INFO] Logger started.
24-01-21 15:56:02 [INFO] Logging system initialized.
24-01-21 15:56:02 [INFO] Detected Minecraft version: 1.20.1
24-01-21 15:56:24 [WARNING] Running in Bukkit-API-only mode (3871-Spigot-d2eba2c-3f9263b (MC: 1.20.1)). If this is not intended, please check for updates and consider to request support.
24-01-21 15:56:24 [WARNING]  Check for updates and support at BukkitDev: https://dev.bukkit.org/server-mods/nocheatplus/
24-01-21 15:56:24 [WARNING]  Development builds (unsupported by the Bukkit Staff, use at your own risk): https://ci.md-5.net/job/NoCheatPlus/changes
24-01-21 15:56:24 [WARNING] Bukkit-API-only mode: Some features will likely not function properly, performance might suffer.
24-01-21 15:56:24 [INFO] McAccess set to: 1.4.6-1.11.2|? / Bukkit-API
24-01-21 15:56:24 [INFO] Added block-info for Minecraft 1.5 blocks.
24-01-21 15:56:24 [INFO] Added block-info for Minecraft 1.6.1 blocks.
24-01-21 15:56:24 [INFO] Added block-info for Minecraft 1.7.2 blocks.
24-01-21 15:56:24 [INFO] Added block-info for Minecraft 1.8 blocks.
24-01-21 15:56:24 [INFO] Added block-info for Minecraft 1.9 blocks.
24-01-21 15:56:24 [INFO] Added block-info for Minecraft 1.10 blocks.
24-01-21 15:56:24 [INFO] Added block-info for Minecraft 1.11 blocks.
24-01-21 15:56:24 [INFO] Added block-info for Minecraft 1.12 blocks.
24-01-21 15:56:24 [INFO] Inventory checks: FastConsume is available, disabled InstantEat.
24-01-21 15:56:24 [WARNING] Packet level access via ProtocolLib not available, supported configurations:  | ProtocolLib 4.3.0 or later for Minecraft 1.12.x | ProtocolLib 4.2.0 or later for Minecraft 1.11.x | ProtocolLib 4.1 or later for Minecraft 1.8.x to 1.10.x | ProtocolLib 3.7.0 for Minecraft 1.7.x and earlier | ProtocolLib 3.6.6 for PaperSpigot 1.8.x
24-01-21 15:56:24 [INFO] Force disable FastHeal on Minecraft 1.9 and later.
24-01-21 15:56:24 [INFO] Version 3.16.0-RC-sMD5NET-b1134 is enabled.
24-01-21 15:56:25 [INFO] [GenericInstanceRegistry] Registered for itself: fr.neatmonster.nocheatplus.stats.Counters
24-01-21 15:56:25 [INFO] [GenericInstanceRegistry] Registered for itself: fr.neatmonster.nocheatplus.checks.workaround.WRPT
24-01-21 15:56:25 [INFO] [GenericInstanceRegistry] Registered for itself: fr.neatmonster.nocheatplus.checks.moving.location.tracking.LocationTrace$TraceEntryPool
24-01-21 15:56:25 [INFO] [GenericInstanceRegistry] Registered for itself: fr.neatmonster.nocheatplus.utilities.entity.PassengerUtil
24-01-21 15:56:25 [INFO] [GenericInstanceRegistry] Registered for itself: java.util.Random
24-01-21 15:56:25 [INFO] [GenericInstanceRegistry] Registered for fr.neatmonster.nocheatplus.compat.IBridgeCrossPlugin: fr.neatmonster.nocheatplus.compat.meta.BridgeCrossPlugin
24-01-21 15:56:25 [INFO] [GenericInstanceRegistry] Registered for fr.neatmonster.nocheatplus.compat.MCAccess: fr.neatmonster.nocheatplus.compat.bukkit.MCAccessBukkit
24-01-21 15:56:25 [INFO] [GenericInstanceRegistry] Registered for fr.neatmonster.nocheatplus.utilities.map.BlockCache: fr.neatmonster.nocheatplus.compat.bukkit.BlockCacheBukkit
24-01-21 15:56:25 [INFO] [GenericInstanceRegistry] Registered for fr.neatmonster.nocheatplus.components.modifier.IAttributeAccess: fr.neatmonster.nocheatplus.compat.bukkit.BukkitAttributeAccess
24-01-21 15:56:25 [INFO] Could not register an instance for: fr.neatmonster.nocheatplus.components.entity.IEntityAccessLastPositionAndLook
24-01-21 15:56:25 [INFO] [GenericInstanceRegistry] Registered for fr.neatmonster.nocheatplus.components.entity.IEntityAccessVehicle: fr.neatmonster.nocheatplus.compat.bukkit.EntityAccessVehicleMultiPassenger
24-01-21 15:56:25 [INFO] [GenericInstanceRegistry] Registered for itself: fr.neatmonster.nocheatplus.checks.moving.util.AuxMoving
24-01-21 15:56:25 [INFO] Added hook: AllViolations(NCP) [1.0].
24-01-21 15:56:25 [INFO] Post-enable running...
24-01-21 15:56:25 [INFO] Post-enable finished.
24-01-21 15:56:25 [INFO] ---- Version information ----
#### Server ####
3871-Spigot-d2eba2c-3f9263b ~MC: 1.20.1~
  detected: 1.20.1
#### NoCheatPlus ####
Plugin: 3.16.0-RC-sMD5NET-b1134
MCAccess: 1.4.6-1.11.2|? / Bukkit-API
Features:
  blocks: BlocksMC1_4 | BlocksMC1_5 | BlocksMC1_6_1 | BlocksMC1_7_2 | BlocksMC1_8 | BlocksMC1_9 | BlocksMC1_10 | BlocksMC1_11 | BlocksMC1_12
  checks: FastConsume | Gutenberg | HotFixFallingBlockPortalEnter
  defaults: pvpKnockBackVelocity
Hooks: AllViolations~NCP~ 1.0
#### Related Plugins ####
ProtocolLib v5.1.0
24-01-21 16:03:26 [INFO] Logger started.
24-01-21 16:03:26 [INFO] Logging system initialized.
24-01-21 16:03:26 [INFO] Detected Minecraft version: 1.20.1
24-01-21 16:03:48 [WARNING] Running in Bukkit-API-only mode (3871-Spigot-d2eba2c-3f9263b (MC: 1.20.1)). If this is not intended, please check for updates and consider to request support.
24-01-21 16:03:48 [WARNING]  Check for updates and support at BukkitDev: https://dev.bukkit.org/server-mods/nocheatplus/
24-01-21 16:03:48 [WARNING]  Development builds (unsupported by the Bukkit Staff, use at your own risk): https://ci.md-5.net/job/NoCheatPlus/changes
24-01-21 16:03:48 [WARNING] Bukkit-API-only mode: Some features will likely not function properly, performance might suffer.
24-01-21 16:03:48 [INFO] McAccess set to: 1.4.6-1.11.2|? / Bukkit-API
24-01-21 16:03:48 [INFO] Added block-info for Minecraft 1.5 blocks.
24-01-21 16:03:48 [INFO] Added block-info for Minecraft 1.6.1 blocks.
24-01-21 16:03:48 [INFO] Added block-info for Minecraft 1.7.2 blocks.
24-01-21 16:03:48 [INFO] Added block-info for Minecraft 1.8 blocks.
24-01-21 16:03:48 [INFO] Added block-info for Minecraft 1.9 blocks.
24-01-21 16:03:48 [INFO] Added block-info for Minecraft 1.10 blocks.
24-01-21 16:03:48 [INFO] Added block-info for Minecraft 1.11 blocks.
24-01-21 16:03:48 [INFO] Added block-info for Minecraft 1.12 blocks.
24-01-21 16:03:49 [INFO] Inventory checks: FastConsume is available, disabled InstantEat.
24-01-21 16:03:49 [WARNING] Packet level access via ProtocolLib not available, supported configurations:  | ProtocolLib 4.3.0 or later for Minecraft 1.12.x | ProtocolLib 4.2.0 or later for Minecraft 1.11.x | ProtocolLib 4.1 or later for Minecraft 1.8.x to 1.10.x | ProtocolLib 3.7.0 for Minecraft 1.7.x and earlier | ProtocolLib 3.6.6 for PaperSpigot 1.8.x
24-01-21 16:03:49 [INFO] Force disable FastHeal on Minecraft 1.9 and later.
24-01-21 16:03:49 [INFO] Version 3.16.0-RC-sMD5NET-b1134 is enabled.
24-01-21 16:03:49 [INFO] [GenericInstanceRegistry] Registered for itself: fr.neatmonster.nocheatplus.stats.Counters
24-01-21 16:03:49 [INFO] [GenericInstanceRegistry] Registered for itself: fr.neatmonster.nocheatplus.checks.workaround.WRPT
24-01-21 16:03:49 [INFO] [GenericInstanceRegistry] Registered for itself: fr.neatmonster.nocheatplus.checks.moving.location.tracking.LocationTrace$TraceEntryPool
24-01-21 16:03:49 [INFO] [GenericInstanceRegistry] Registered for itself: fr.neatmonster.nocheatplus.utilities.entity.PassengerUtil
24-01-21 16:03:49 [INFO] [GenericInstanceRegistry] Registered for itself: java.util.Random
24-01-21 16:03:49 [INFO] [GenericInstanceRegistry] Registered for fr.neatmonster.nocheatplus.compat.IBridgeCrossPlugin: fr.neatmonster.nocheatplus.compat.meta.BridgeCrossPlugin
24-01-21 16:03:49 [INFO] [GenericInstanceRegistry] Registered for fr.neatmonster.nocheatplus.compat.MCAccess: fr.neatmonster.nocheatplus.compat.bukkit.MCAccessBukkit
24-01-21 16:03:49 [INFO] [GenericInstanceRegistry] Registered for fr.neatmonster.nocheatplus.utilities.map.BlockCache: fr.neatmonster.nocheatplus.compat.bukkit.BlockCacheBukkit
24-01-21 16:03:49 [INFO] [GenericInstanceRegistry] Registered for fr.neatmonster.nocheatplus.components.modifier.IAttributeAccess: fr.neatmonster.nocheatplus.compat.bukkit.BukkitAttributeAccess
24-01-21 16:03:49 [INFO] Could not register an instance for: fr.neatmonster.nocheatplus.components.entity.IEntityAccessLastPositionAndLook
24-01-21 16:03:49 [INFO] [GenericInstanceRegistry] Registered for fr.neatmonster.nocheatplus.components.entity.IEntityAccessVehicle: fr.neatmonster.nocheatplus.compat.bukkit.EntityAccessVehicleMultiPassenger
24-01-21 16:03:49 [INFO] [GenericInstanceRegistry] Registered for itself: fr.neatmonster.nocheatplus.checks.moving.util.AuxMoving
24-01-21 16:03:49 [INFO] Added hook: AllViolations(NCP) [1.0].
24-01-21 16:03:49 [INFO] Post-enable running...
24-01-21 16:03:50 [INFO] Post-enable finished.
24-01-21 16:03:50 [INFO] ---- Version information ----
#### Server ####
3871-Spigot-d2eba2c-3f9263b ~MC: 1.20.1~
  detected: 1.20.1
#### NoCheatPlus ####
Plugin: 3.16.0-RC-sMD5NET-b1134
MCAccess: 1.4.6-1.11.2|? / Bukkit-API
Features:
  blocks: BlocksMC1_4 | BlocksMC1_5 | BlocksMC1_6_1 | BlocksMC1_7_2 | BlocksMC1_8 | BlocksMC1_9 | BlocksMC1_10 | BlocksMC1_11 | BlocksMC1_12
  checks: FastConsume | Gutenberg | HotFixFallingBlockPortalEnter
  defaults: pvpKnockBackVelocity
Hooks: AllViolations~NCP~ 1.0
#### Related Plugins ####
ProtocolLib v5.1.0
24-01-21 16:05:08 [INFO] Logger started.
24-01-21 16:05:08 [INFO] Logging system initialized.
24-01-21 16:05:08 [INFO] Detected Minecraft version: 1.20.1
24-01-21 16:05:29 [WARNING] Running in Bukkit-API-only mode (3871-Spigot-d2eba2c-3f9263b (MC: 1.20.1)). If this is not intended, please check for updates and consider to request support.
24-01-21 16:05:29 [WARNING]  Check for updates and support at BukkitDev: https://dev.bukkit.org/server-mods/nocheatplus/
24-01-21 16:05:29 [WARNING]  Development builds (unsupported by the Bukkit Staff, use at your own risk): https://ci.md-5.net/job/NoCheatPlus/changes
24-01-21 16:05:29 [WARNING] Bukkit-API-only mode: Some features will likely not function properly, performance might suffer.
24-01-21 16:05:29 [INFO] McAccess set to: 1.4.6-1.11.2|? / Bukkit-API
24-01-21 16:05:29 [INFO] Added block-info for Minecraft 1.5 blocks.
24-01-21 16:05:29 [INFO] Added block-info for Minecraft 1.6.1 blocks.
24-01-21 16:05:29 [INFO] Added block-info for Minecraft 1.7.2 blocks.
24-01-21 16:05:29 [INFO] Added block-info for Minecraft 1.8 blocks.
24-01-21 16:05:29 [INFO] Added block-info for Minecraft 1.9 blocks.
24-01-21 16:05:29 [INFO] Added block-info for Minecraft 1.10 blocks.
24-01-21 16:05:29 [INFO] Added block-info for Minecraft 1.11 blocks.
24-01-21 16:05:29 [INFO] Added block-info for Minecraft 1.12 blocks.
24-01-21 16:05:29 [INFO] Inventory checks: FastConsume is available, disabled InstantEat.
24-01-21 16:05:29 [WARNING] Packet level access via ProtocolLib not available, supported configurations:  | ProtocolLib 4.3.0 or later for Minecraft 1.12.x | ProtocolLib 4.2.0 or later for Minecraft 1.11.x | ProtocolLib 4.1 or later for Minecraft 1.8.x to 1.10.x | ProtocolLib 3.7.0 for Minecraft 1.7.x and earlier | ProtocolLib 3.6.6 for PaperSpigot 1.8.x
24-01-21 16:05:29 [INFO] Force disable FastHeal on Minecraft 1.9 and later.
24-01-21 16:05:29 [INFO] Version 3.16.0-RC-sMD5NET-b1134 is enabled.
24-01-21 16:05:30 [INFO] [GenericInstanceRegistry] Registered for itself: fr.neatmonster.nocheatplus.stats.Counters
24-01-21 16:05:30 [INFO] [GenericInstanceRegistry] Registered for itself: fr.neatmonster.nocheatplus.checks.workaround.WRPT
24-01-21 16:05:30 [INFO] [GenericInstanceRegistry] Registered for itself: fr.neatmonster.nocheatplus.checks.moving.location.tracking.LocationTrace$TraceEntryPool
24-01-21 16:05:30 [INFO] [GenericInstanceRegistry] Registered for itself: fr.neatmonster.nocheatplus.utilities.entity.PassengerUtil
24-01-21 16:05:30 [INFO] [GenericInstanceRegistry] Registered for itself: java.util.Random
24-01-21 16:05:30 [INFO] [GenericInstanceRegistry] Registered for fr.neatmonster.nocheatplus.compat.IBridgeCrossPlugin: fr.neatmonster.nocheatplus.compat.meta.BridgeCrossPlugin
24-01-21 16:05:30 [INFO] [GenericInstanceRegistry] Registered for fr.neatmonster.nocheatplus.compat.MCAccess: fr.neatmonster.nocheatplus.compat.bukkit.MCAccessBukkit
24-01-21 16:05:30 [INFO] [GenericInstanceRegistry] Registered for fr.neatmonster.nocheatplus.utilities.map.BlockCache: fr.neatmonster.nocheatplus.compat.bukkit.BlockCacheBukkit
24-01-21 16:05:30 [INFO] [GenericInstanceRegistry] Registered for fr.neatmonster.nocheatplus.components.modifier.IAttributeAccess: fr.neatmonster.nocheatplus.compat.bukkit.BukkitAttributeAccess
24-01-21 16:05:30 [INFO] Could not register an instance for: fr.neatmonster.nocheatplus.components.entity.IEntityAccessLastPositionAndLook
24-01-21 16:05:30 [INFO] [GenericInstanceRegistry] Registered for fr.neatmonster.nocheatplus.components.entity.IEntityAccessVehicle: fr.neatmonster.nocheatplus.compat.bukkit.EntityAccessVehicleMultiPassenger
24-01-21 16:05:30 [INFO] [GenericInstanceRegistry] Registered for itself: fr.neatmonster.nocheatplus.checks.moving.util.AuxMoving
24-01-21 16:05:30 [INFO] Added hook: AllViolations(NCP) [1.0].
24-01-21 16:05:30 [INFO] Post-enable running...
24-01-21 16:05:30 [INFO] Post-enable finished.
24-01-21 16:05:30 [INFO] ---- Version information ----
#### Server ####
3871-Spigot-d2eba2c-3f9263b ~MC: 1.20.1~
  detected: 1.20.1
#### NoCheatPlus ####
Plugin: 3.16.0-RC-sMD5NET-b1134
MCAccess: 1.4.6-1.11.2|? / Bukkit-API
Features:
  blocks: BlocksMC1_4 | BlocksMC1_5 | BlocksMC1_6_1 | BlocksMC1_7_2 | BlocksMC1_8 | BlocksMC1_9 | BlocksMC1_10 | BlocksMC1_11 | BlocksMC1_12
  checks: FastConsume | Gutenberg | HotFixFallingBlockPortalEnter
  defaults: pvpKnockBackVelocity
Hooks: AllViolations~NCP~ 1.0
#### Related Plugins ####
ProtocolLib v5.1.0
24-01-21 16:05:40 [INFO] Jammerenka failed Passable: moved into a block ([blocktype]) from 7.30, 112.00, 0.18 to 7.28, 112.00, 0.23 distance 0.05 . VL 11.
24-01-21 16:05:45 [INFO] Jammerenka failed Passable: moved into a block ([blocktype]) from 5.99, 112.00, -0.30 to 5.84, 112.00, -0.23 distance 0.17 . VL 26.
24-01-21 16:05:52 [INFO] Jammerenka failed Passable: moved into a block ([blocktype]) from 5.87, 113.02, 0.54 to 5.89, 112.80, 0.60 distance 0.24 . VL 33.
24-01-21 16:06:09 [INFO] Jammerenka failed Passable: moved into a block ([blocktype]) from 5.13, 113.02, -1.02 to 5.18, 112.80, -1.16 distance 0.27 . VL 14.
24-01-21 16:06:18 [INFO] Jammerenka failed Passable: moved into a block ([blocktype]) from 6.30, 112.42, -1.48 to 6.28, 112.75, -1.53 distance 0.34 . VL 18.
24-01-21 16:06:27 [INFO] Jammerenka failed Passable: moved into a block ([blocktype]) from 5.51, 112.00, 0.58 to 5.72, 112.00, 0.70 distance 0.24 . VL 19.
24-01-21 16:10:57 [INFO] Jammerenka failed Passable: moved into a block ([blocktype]) from 6.97, 113.02, -1.57 to 7.13, 112.80, -1.60 distance 0.28 . VL 12.
24-01-21 16:11:02 [INFO] Jammerenka failed Passable: moved into a block ([blocktype]) from 6.80, 113.02, -1.54 to 6.80, 112.95, -1.54 distance 0.08 . VL 48.
24-01-21 16:11:02 [INFO] Jammerenka failed Passable: moved into a block ([blocktype]) from 6.80, 113.02, -1.54 to 6.80, 112.95, -1.54 distance 0.08 . VL 50.
24-01-21 16:11:07 [INFO] Jammerenka failed Passable: moved into a block ([blocktype]) from 6.80, 113.02, -1.54 to 6.80, 112.95, -1.54 distance 0.08 . VL 78.
24-01-21 16:11:12 [INFO] Jammerenka failed Passable: moved into a block ([blocktype]) from 6.80, 113.02, -1.54 to 6.80, 112.95, -1.54 distance 0.08 . VL 102.
24-01-21 16:11:17 [INFO] Jammerenka failed Passable: moved into a block ([blocktype]) from 6.80, 113.02, -1.54 to 6.80, 112.95, -1.54 distance 0.08 . VL 120.
24-01-21 16:11:22 [INFO] Jammerenka failed Passable: moved into a block ([blocktype]) from 6.80, 113.02, -1.54 to 6.80, 112.95, -1.54 distance 0.08 . VL 134.
24-01-21 16:11:27 [INFO] Jammerenka failed Passable: moved into a block ([blocktype]) from 6.80, 113.02, -1.54 to 6.80, 112.95, -1.54 distance 0.08 . VL 141.
24-01-21 16:11:32 [INFO] Jammerenka failed Passable: moved into a block ([blocktype]) from 6.80, 113.02, -1.54 to 6.80, 112.95, -1.54 distance 0.08 . VL 149.
24-01-21 16:11:37 [INFO] Jammerenka failed Passable: moved into a block ([blocktype]) from 6.80, 113.02, -1.54 to 6.80, 112.95, -1.54 distance 0.08 . VL 154.
24-01-21 16:11:42 [INFO] Jammerenka failed Passable: moved into a block ([blocktype]) from 6.80, 113.02, -1.54 to 6.80, 112.95, -1.54 distance 0.08 . VL 160.
24-01-21 16:11:47 [INFO] Jammerenka failed Passable: moved into a block ([blocktype]) from 6.80, 113.02, -1.54 to 6.80, 112.95, -1.54 distance 0.08 . VL 161.
24-01-21 16:11:52 [INFO] Jammerenka failed Passable: moved into a block ([blocktype]) from 6.80, 113.02, -1.54 to 6.80, 112.95, -1.54 distance 0.08 . VL 164.
24-01-21 16:11:57 [INFO] Jammerenka failed Passable: moved into a block ([blocktype]) from 6.80, 113.02, -1.54 to 6.80, 112.95, -1.54 distance 0.08 . VL 167.
24-01-21 16:12:02 [INFO] Jammerenka failed Passable: moved into a block ([blocktype]) from 6.80, 113.02, -1.54 to 6.80, 112.95, -1.54 distance 0.08 . VL 167.
24-01-21 16:12:07 [INFO] Jammerenka failed Passable: moved into a block ([blocktype]) from 6.80, 113.02, -1.54 to 6.80, 112.95, -1.54 distance 0.08 . VL 170.
24-01-21 16:12:12 [INFO] Jammerenka failed Passable: moved into a block ([blocktype]) from 6.80, 113.02, -1.54 to 6.80, 112.95, -1.54 distance 0.08 . VL 172.
24-01-21 16:12:17 [INFO] Jammerenka failed Passable: moved into a block ([blocktype]) from 6.80, 113.02, -1.54 to 6.80, 112.95, -1.54 distance 0.08 . VL 173.
24-01-21 16:12:22 [INFO] Jammerenka failed Passable: moved into a block ([blocktype]) from 6.80, 113.02, -1.54 to 6.80, 112.95, -1.54 distance 0.08 . VL 168.
24-01-21 16:12:27 [INFO] Jammerenka failed Passable: moved into a block ([blocktype]) from 6.80, 113.02, -1.54 to 6.80, 112.95, -1.54 distance 0.08 . VL 170.
24-01-21 16:12:32 [INFO] Jammerenka failed Passable: moved into a block ([blocktype]) from 6.80, 113.02, -1.54 to 6.80, 112.95, -1.54 distance 0.08 . VL 172.
24-01-21 16:12:37 [INFO] Jammerenka failed Passable: moved into a block ([blocktype]) from 6.80, 113.02, -1.54 to 6.80, 112.95, -1.54 distance 0.08 . VL 173.
24-01-21 16:12:42 [INFO] Jammerenka failed Passable: moved into a block ([blocktype]) from 6.80, 113.02, -1.54 to 6.80, 112.95, -1.54 distance 0.08 . VL 169.
24-01-21 16:12:47 [INFO] Jammerenka failed Passable: moved into a block ([blocktype]) from 6.80, 113.02, -1.54 to 6.80, 112.95, -1.54 distance 0.08 . VL 170.
24-01-21 16:12:52 [INFO] Jammerenka failed Passable: moved into a block ([blocktype]) from 6.80, 113.02, -1.54 to 6.80, 112.95, -1.54 distance 0.08 . VL 173.
24-01-21 16:12:57 [INFO] Jammerenka failed Passable: moved into a block ([blocktype]) from 6.80, 113.02, -1.54 to 6.80, 112.95, -1.54 distance 0.08 . VL 170.
24-01-21 16:13:02 [INFO] Jammerenka failed Passable: moved into a block ([blocktype]) from 6.80, 113.02, -1.54 to 6.80, 112.95, -1.54 distance 0.08 . VL 171.
24-01-21 16:13:03 [INFO] §cNCP: §fReloading configuration...
24-01-21 16:13:03 [INFO] Logger started.
24-01-21 16:13:03 [INFO] McAccess set to: 1.4.6-1.11.2|? / Bukkit-API
24-01-21 16:13:03 [INFO] §cNCP: §fConfiguration reloaded.
24-01-21 16:13:03 [WARNING] Running in Bukkit-API-only mode (3871-Spigot-d2eba2c-3f9263b (MC: 1.20.1)). If this is not intended, please check for updates and consider to request support.
24-01-21 16:13:03 [WARNING]  Check for updates and support at BukkitDev: https://dev.bukkit.org/server-mods/nocheatplus/
24-01-21 16:13:03 [WARNING]  Development builds (unsupported by the Bukkit Staff, use at your own risk): https://ci.md-5.net/job/NoCheatPlus/changes
24-01-21 16:13:03 [WARNING] Bukkit-API-only mode: Some features will likely not function properly, performance might suffer.
24-01-21 16:13:03 [INFO] [GenericInstanceRegistry] Registered (override) for fr.neatmonster.nocheatplus.compat.MCAccess: fr.neatmonster.nocheatplus.compat.bukkit.MCAccessBukkit
24-01-21 16:13:03 [INFO] [GenericInstanceRegistry] Registered (override) for fr.neatmonster.nocheatplus.utilities.map.BlockCache: fr.neatmonster.nocheatplus.compat.bukkit.BlockCacheBukkit
24-01-21 16:13:03 [INFO] [GenericInstanceRegistry] Registered (override) for fr.neatmonster.nocheatplus.components.modifier.IAttributeAccess: fr.neatmonster.nocheatplus.compat.bukkit.BukkitAttributeAccess
24-01-21 16:13:03 [INFO] Could not register an instance for: fr.neatmonster.nocheatplus.components.entity.IEntityAccessLastPositionAndLook
24-01-21 16:13:03 [INFO] [GenericInstanceRegistry] Registered (override) for fr.neatmonster.nocheatplus.components.entity.IEntityAccessVehicle: fr.neatmonster.nocheatplus.compat.bukkit.EntityAccessVehicleMultiPassenger
24-01-21 16:13:03 [INFO] Added block-info for Minecraft 1.5 blocks.
24-01-21 16:13:03 [INFO] Added block-info for Minecraft 1.6.1 blocks.
24-01-21 16:13:03 [INFO] Added block-info for Minecraft 1.7.2 blocks.
24-01-21 16:13:03 [INFO] Added block-info for Minecraft 1.8 blocks.
24-01-21 16:13:03 [INFO] Added block-info for Minecraft 1.9 blocks.
24-01-21 16:13:03 [INFO] Added block-info for Minecraft 1.10 blocks.
24-01-21 16:13:03 [INFO] Added block-info for Minecraft 1.11 blocks.
24-01-21 16:13:03 [INFO] Added block-info for Minecraft 1.12 blocks.
24-01-21 16:13:03 [INFO] Removed hook: AllViolations(NCP) [1.0].
24-01-21 16:13:03 [INFO] Added hook: AllViolations(NCP) [1.0].
24-01-21 16:13:03 [INFO] Inventory checks: FastConsume is available, disabled InstantEat.
24-01-21 16:13:03 [INFO] ---- Version information ----
#### Server ####
3871-Spigot-d2eba2c-3f9263b ~MC: 1.20.1~
  detected: 1.20.1
#### NoCheatPlus ####
Plugin: 3.16.0-RC-sMD5NET-b1134
MCAccess: 1.4.6-1.11.2|? / Bukkit-API
Features:
  blocks: BlocksMC1_4 | BlocksMC1_5 | BlocksMC1_6_1 | BlocksMC1_7_2 | BlocksMC1_8 | BlocksMC1_9 | BlocksMC1_10 | BlocksMC1_11 | BlocksMC1_12
  checks: FastConsume | Gutenberg | HotFixFallingBlockPortalEnter
  defaults: pvpKnockBackVelocity
Hooks: AllViolations~NCP~ 1.0
#### Related Plugins ####
ProtocolLib v5.1.0
24-01-21 16:14:44 [INFO] Jammerenka failed CreativeFly: tried to move: 9.18, 112.00, 3.64 -> 10.12, 112.00, 5.13, d=1.76 (hfrict+hdist). VL 132.
24-01-21 16:14:45 [INFO] Jammerenka failed CreativeFly: tried to move: 10.62, 112.00, 5.93 -> 10.62, 115.66, 5.93, d=3.66 (vdist). VL 451.
24-01-21 16:26:35 [INFO] Logger started.
24-01-21 16:26:35 [INFO] Logging system initialized.
24-01-21 16:26:35 [INFO] Detected Minecraft version: 1.20.1
24-01-21 16:26:41 [WARNING] Running in Bukkit-API-only mode (git-Paper-196 (MC: 1.20.1)). If this is not intended, please check for updates and consider to request support.
24-01-21 16:26:41 [WARNING]  Check for updates and support at BukkitDev: https://dev.bukkit.org/server-mods/nocheatplus/
24-01-21 16:26:41 [WARNING]  Development builds (unsupported by the Bukkit Staff, use at your own risk): https://ci.md-5.net/job/NoCheatPlus/changes
24-01-21 16:26:41 [WARNING] Bukkit-API-only mode: Some features will likely not function properly, performance might suffer.
24-01-21 16:26:41 [INFO] McAccess set to: 1.4.6-1.11.2|? / Bukkit-API
24-01-21 16:26:41 [INFO] Added block-info for Minecraft 1.5 blocks.
24-01-21 16:26:41 [INFO] Added block-info for Minecraft 1.6.1 blocks.
24-01-21 16:26:41 [INFO] Added block-info for Minecraft 1.7.2 blocks.
24-01-21 16:26:41 [INFO] Added block-info for Minecraft 1.8 blocks.
24-01-21 16:26:41 [INFO] Added block-info for Minecraft 1.9 blocks.
24-01-21 16:26:41 [INFO] Added block-info for Minecraft 1.10 blocks.
24-01-21 16:26:41 [INFO] Added block-info for Minecraft 1.11 blocks.
24-01-21 16:26:41 [INFO] Added block-info for Minecraft 1.12 blocks.
24-01-21 16:26:41 [INFO] Inventory checks: FastConsume is available, disabled InstantEat.
24-01-21 16:26:41 [WARNING] Packet level access via ProtocolLib not available, supported configurations:  | ProtocolLib 4.3.0 or later for Minecraft 1.12.x | ProtocolLib 4.2.0 or later for Minecraft 1.11.x | ProtocolLib 4.1 or later for Minecraft 1.8.x to 1.10.x | ProtocolLib 3.7.0 for Minecraft 1.7.x and earlier | ProtocolLib 3.6.6 for PaperSpigot 1.8.x
24-01-21 16:26:41 [INFO] Force disable FastHeal on Minecraft 1.9 and later.
24-01-21 16:26:41 [INFO] Version 3.16.0-RC-sMD5NET-b1134 is enabled.
24-01-21 16:26:44 [INFO] [GenericInstanceRegistry] Registered for itself: fr.neatmonster.nocheatplus.stats.Counters
24-01-21 16:26:44 [INFO] [GenericInstanceRegistry] Registered for itself: fr.neatmonster.nocheatplus.checks.workaround.WRPT
24-01-21 16:26:44 [INFO] [GenericInstanceRegistry] Registered for itself: fr.neatmonster.nocheatplus.checks.moving.location.tracking.LocationTrace$TraceEntryPool
24-01-21 16:26:44 [INFO] [GenericInstanceRegistry] Registered for itself: fr.neatmonster.nocheatplus.utilities.entity.PassengerUtil
24-01-21 16:26:44 [INFO] [GenericInstanceRegistry] Registered for itself: java.util.Random
24-01-21 16:26:44 [INFO] [GenericInstanceRegistry] Registered for fr.neatmonster.nocheatplus.compat.IBridgeCrossPlugin: fr.neatmonster.nocheatplus.compat.meta.BridgeCrossPlugin
24-01-21 16:26:44 [INFO] [GenericInstanceRegistry] Registered for fr.neatmonster.nocheatplus.compat.MCAccess: fr.neatmonster.nocheatplus.compat.bukkit.MCAccessBukkit
24-01-21 16:26:44 [INFO] [GenericInstanceRegistry] Registered for fr.neatmonster.nocheatplus.utilities.map.BlockCache: fr.neatmonster.nocheatplus.compat.bukkit.BlockCacheBukkit
24-01-21 16:26:44 [INFO] [GenericInstanceRegistry] Registered for fr.neatmonster.nocheatplus.components.modifier.IAttributeAccess: fr.neatmonster.nocheatplus.compat.bukkit.BukkitAttributeAccess
24-01-21 16:26:44 [INFO] Could not register an instance for: fr.neatmonster.nocheatplus.components.entity.IEntityAccessLastPositionAndLook
24-01-21 16:26:44 [INFO] [GenericInstanceRegistry] Registered for fr.neatmonster.nocheatplus.components.entity.IEntityAccessVehicle: fr.neatmonster.nocheatplus.compat.bukkit.EntityAccessVehicleMultiPassenger
24-01-21 16:26:44 [INFO] [GenericInstanceRegistry] Registered for itself: fr.neatmonster.nocheatplus.checks.moving.util.AuxMoving
24-01-21 16:26:44 [INFO] Added hook: AllViolations(NCP) [1.0].
24-01-21 16:26:44 [INFO] Post-enable running...
24-01-21 16:26:44 [INFO] Post-enable finished.
24-01-21 16:26:44 [INFO] ---- Version information ----
#### Server ####
git-Paper-196 ~MC: 1.20.1~
  detected: 1.20.1
#### NoCheatPlus ####
Plugin: 3.16.0-RC-sMD5NET-b1134
MCAccess: 1.4.6-1.11.2|? / Bukkit-API
Features:
  blocks: BlocksMC1_4 | BlocksMC1_5 | BlocksMC1_6_1 | BlocksMC1_7_2 | BlocksMC1_8 | BlocksMC1_9 | BlocksMC1_10 | BlocksMC1_11 | BlocksMC1_12
  checks: FastConsume | Gutenberg | HotFixFallingBlockPortalEnter
  defaults: pvpKnockBackVelocity
Hooks: AllViolations~NCP~ 1.0
#### Related Plugins ####
ProtocolLib v5.1.0
24-01-21 16:46:29 [INFO] Logger started.
24-01-21 16:46:29 [INFO] Logging system initialized.
24-01-21 16:46:29 [INFO] Detected Minecraft version: 1.20.1
24-01-21 16:46:36 [WARNING] Running in Bukkit-API-only mode (git-Paper-196 (MC: 1.20.1)). If this is not intended, please check for updates and consider to request support.
24-01-21 16:46:36 [WARNING]  Check for updates and support at BukkitDev: https://dev.bukkit.org/server-mods/nocheatplus/
24-01-21 16:46:36 [WARNING]  Development builds (unsupported by the Bukkit Staff, use at your own risk): https://ci.md-5.net/job/NoCheatPlus/changes
24-01-21 16:46:36 [WARNING] Bukkit-API-only mode: Some features will likely not function properly, performance might suffer.
24-01-21 16:46:36 [INFO] McAccess set to: 1.4.6-1.11.2|? / Bukkit-API
24-01-21 16:46:36 [INFO] Added block-info for Minecraft 1.5 blocks.
24-01-21 16:46:36 [INFO] Added block-info for Minecraft 1.6.1 blocks.
24-01-21 16:46:36 [INFO] Added block-info for Minecraft 1.7.2 blocks.
24-01-21 16:46:36 [INFO] Added block-info for Minecraft 1.8 blocks.
24-01-21 16:46:36 [INFO] Added block-info for Minecraft 1.9 blocks.
24-01-21 16:46:36 [INFO] Added block-info for Minecraft 1.10 blocks.
24-01-21 16:46:36 [INFO] Added block-info for Minecraft 1.11 blocks.
24-01-21 16:46:36 [INFO] Added block-info for Minecraft 1.12 blocks.
24-01-21 16:46:36 [INFO] Inventory checks: FastConsume is available, disabled InstantEat.
24-01-21 16:46:36 [WARNING] Packet level access via ProtocolLib not available, supported configurations:  | ProtocolLib 4.3.0 or later for Minecraft 1.12.x | ProtocolLib 4.2.0 or later for Minecraft 1.11.x | ProtocolLib 4.1 or later for Minecraft 1.8.x to 1.10.x | ProtocolLib 3.7.0 for Minecraft 1.7.x and earlier | ProtocolLib 3.6.6 for PaperSpigot 1.8.x
24-01-21 16:46:36 [INFO] Force disable FastHeal on Minecraft 1.9 and later.
24-01-21 16:46:36 [INFO] Version 3.16.0-RC-sMD5NET-b1134 is enabled.
24-01-21 16:46:39 [INFO] [GenericInstanceRegistry] Registered for itself: fr.neatmonster.nocheatplus.stats.Counters
24-01-21 16:46:39 [INFO] [GenericInstanceRegistry] Registered for itself: fr.neatmonster.nocheatplus.checks.workaround.WRPT
24-01-21 16:46:39 [INFO] [GenericInstanceRegistry] Registered for itself: fr.neatmonster.nocheatplus.checks.moving.location.tracking.LocationTrace$TraceEntryPool
24-01-21 16:46:39 [INFO] [GenericInstanceRegistry] Registered for itself: fr.neatmonster.nocheatplus.utilities.entity.PassengerUtil
24-01-21 16:46:39 [INFO] [GenericInstanceRegistry] Registered for itself: java.util.Random
24-01-21 16:46:39 [INFO] [GenericInstanceRegistry] Registered for fr.neatmonster.nocheatplus.compat.IBridgeCrossPlugin: fr.neatmonster.nocheatplus.compat.meta.BridgeCrossPlugin
24-01-21 16:46:39 [INFO] [GenericInstanceRegistry] Registered for fr.neatmonster.nocheatplus.compat.MCAccess: fr.neatmonster.nocheatplus.compat.bukkit.MCAccessBukkit
24-01-21 16:46:39 [INFO] [GenericInstanceRegistry] Registered for fr.neatmonster.nocheatplus.utilities.map.BlockCache: fr.neatmonster.nocheatplus.compat.bukkit.BlockCacheBukkit
24-01-21 16:46:39 [INFO] [GenericInstanceRegistry] Registered for fr.neatmonster.nocheatplus.components.modifier.IAttributeAccess: fr.neatmonster.nocheatplus.compat.bukkit.BukkitAttributeAccess
24-01-21 16:46:39 [INFO] Could not register an instance for: fr.neatmonster.nocheatplus.components.entity.IEntityAccessLastPositionAndLook
24-01-21 16:46:39 [INFO] [GenericInstanceRegistry] Registered for fr.neatmonster.nocheatplus.components.entity.IEntityAccessVehicle: fr.neatmonster.nocheatplus.compat.bukkit.EntityAccessVehicleMultiPassenger
24-01-21 16:46:39 [INFO] [GenericInstanceRegistry] Registered for itself: fr.neatmonster.nocheatplus.checks.moving.util.AuxMoving
24-01-21 16:46:39 [INFO] Added hook: AllViolations(NCP) [1.0].
24-01-21 16:46:39 [INFO] Post-enable running...
24-01-21 16:46:39 [INFO] Post-enable finished.
24-01-21 16:46:39 [INFO] ---- Version information ----
#### Server ####
git-Paper-196 ~MC: 1.20.1~
  detected: 1.20.1
#### NoCheatPlus ####
Plugin: 3.16.0-RC-sMD5NET-b1134
MCAccess: 1.4.6-1.11.2|? / Bukkit-API
Features:
  blocks: BlocksMC1_4 | BlocksMC1_5 | BlocksMC1_6_1 | BlocksMC1_7_2 | BlocksMC1_8 | BlocksMC1_9 | BlocksMC1_10 | BlocksMC1_11 | BlocksMC1_12
  checks: FastConsume | Gutenberg | HotFixFallingBlockPortalEnter
  defaults: pvpKnockBackVelocity
Hooks: AllViolations~NCP~ 1.0
#### Related Plugins ####
ProtocolLib v5.1.0
24-01-21 16:51:06 [INFO] Jammerenka failed Text: acted like spamming (IP: ctivate.adobe.com/127.0.0.1). VL 1.
24-01-21 16:51:06 [INFO] (CONSOLE) Kicked Jammerenka : You're not allowed to spam in chat!
24-01-21 16:53:32 [INFO] Jammerenka failed Text: acted like spamming (IP: ctivate.adobe.com/127.0.0.1). VL 1.
24-01-21 16:53:32 [INFO] (CONSOLE) Kicked Jammerenka : You're not allowed to spam in chat!
24-01-21 17:07:11 [INFO] Removed hook: AllViolations(NCP) [1.0].
24-01-21 17:07:11 [FINE] | cancel.dead 0 | cancel.offline 0 | block.interact.look.current 14 (14/0) | block.interact.look.flying.first 0 | block.interact.look.flying.other 0 | illegalitem 0 | boatsanywhere 0 | throwenderpearl 0 | fakeinvulnerable 0 | eggonentity 0 | event.player.move 2150 (2150/0) |
24-01-21 17:07:11 [INFO] [GenericInstanceRegistry] Registry cleared.
24-01-21 17:07:57 [INFO] Logger started.
24-01-21 17:07:57 [INFO] Logging system initialized.
24-01-21 17:07:57 [INFO] Detected Minecraft version: 1.20.1
24-01-21 17:08:04 [WARNING] Running in Bukkit-API-only mode (git-Paper-196 (MC: 1.20.1)). If this is not intended, please check for updates and consider to request support.
24-01-21 17:08:04 [WARNING]  Check for updates and support at BukkitDev: https://dev.bukkit.org/server-mods/nocheatplus/
24-01-21 17:08:04 [WARNING]  Development builds (unsupported by the Bukkit Staff, use at your own risk): https://ci.md-5.net/job/NoCheatPlus/changes
24-01-21 17:08:04 [WARNING] Bukkit-API-only mode: Some features will likely not function properly, performance might suffer.
24-01-21 17:08:04 [INFO] McAccess set to: 1.4.6-1.11.2|? / Bukkit-API
24-01-21 17:08:04 [INFO] Added block-info for Minecraft 1.5 blocks.
24-01-21 17:08:04 [INFO] Added block-info for Minecraft 1.6.1 blocks.
24-01-21 17:08:04 [INFO] Added block-info for Minecraft 1.7.2 blocks.
24-01-21 17:08:04 [INFO] Added block-info for Minecraft 1.8 blocks.
24-01-21 17:08:04 [INFO] Added block-info for Minecraft 1.9 blocks.
24-01-21 17:08:04 [INFO] Added block-info for Minecraft 1.10 blocks.
24-01-21 17:08:04 [INFO] Added block-info for Minecraft 1.11 blocks.
24-01-21 17:08:04 [INFO] Added block-info for Minecraft 1.12 blocks.
24-01-21 17:08:04 [INFO] Inventory checks: FastConsume is available, disabled InstantEat.
24-01-21 17:08:04 [WARNING] Packet level access via ProtocolLib not available, supported configurations:  | ProtocolLib 4.3.0 or later for Minecraft 1.12.x | ProtocolLib 4.2.0 or later for Minecraft 1.11.x | ProtocolLib 4.1 or later for Minecraft 1.8.x to 1.10.x | ProtocolLib 3.7.0 for Minecraft 1.7.x and earlier | ProtocolLib 3.6.6 for PaperSpigot 1.8.x
24-01-21 17:08:04 [INFO] Force disable FastHeal on Minecraft 1.9 and later.
24-01-21 17:08:04 [INFO] Version 3.16.0-RC-sMD5NET-b1134 is enabled.
24-01-21 17:08:06 [INFO] [GenericInstanceRegistry] Registered for itself: fr.neatmonster.nocheatplus.stats.Counters
24-01-21 17:08:06 [INFO] [GenericInstanceRegistry] Registered for itself: fr.neatmonster.nocheatplus.checks.workaround.WRPT
24-01-21 17:08:06 [INFO] [GenericInstanceRegistry] Registered for itself: fr.neatmonster.nocheatplus.checks.moving.location.tracking.LocationTrace$TraceEntryPool
24-01-21 17:08:06 [INFO] [GenericInstanceRegistry] Registered for itself: fr.neatmonster.nocheatplus.utilities.entity.PassengerUtil
24-01-21 17:08:06 [INFO] [GenericInstanceRegistry] Registered for itself: java.util.Random
24-01-21 17:08:06 [INFO] [GenericInstanceRegistry] Registered for fr.neatmonster.nocheatplus.compat.IBridgeCrossPlugin: fr.neatmonster.nocheatplus.compat.meta.BridgeCrossPlugin
24-01-21 17:08:06 [INFO] [GenericInstanceRegistry] Registered for fr.neatmonster.nocheatplus.compat.MCAccess: fr.neatmonster.nocheatplus.compat.bukkit.MCAccessBukkit
24-01-21 17:08:06 [INFO] [GenericInstanceRegistry] Registered for fr.neatmonster.nocheatplus.utilities.map.BlockCache: fr.neatmonster.nocheatplus.compat.bukkit.BlockCacheBukkit
24-01-21 17:08:06 [INFO] [GenericInstanceRegistry] Registered for fr.neatmonster.nocheatplus.components.modifier.IAttributeAccess: fr.neatmonster.nocheatplus.compat.bukkit.BukkitAttributeAccess
24-01-21 17:08:06 [INFO] Could not register an instance for: fr.neatmonster.nocheatplus.components.entity.IEntityAccessLastPositionAndLook
24-01-21 17:08:06 [INFO] [GenericInstanceRegistry] Registered for fr.neatmonster.nocheatplus.components.entity.IEntityAccessVehicle: fr.neatmonster.nocheatplus.compat.bukkit.EntityAccessVehicleMultiPassenger
24-01-21 17:08:06 [INFO] [GenericInstanceRegistry] Registered for itself: fr.neatmonster.nocheatplus.checks.moving.util.AuxMoving
24-01-21 17:08:06 [INFO] Added hook: AllViolations(NCP) [1.0].
24-01-21 17:08:06 [INFO] Post-enable running...
24-01-21 17:08:07 [INFO] Post-enable finished.
24-01-21 17:08:07 [INFO] ---- Version information ----
#### Server ####
git-Paper-196 ~MC: 1.20.1~
  detected: 1.20.1
#### NoCheatPlus ####
Plugin: 3.16.0-RC-sMD5NET-b1134
MCAccess: 1.4.6-1.11.2|? / Bukkit-API
Features:
  blocks: BlocksMC1_4 | BlocksMC1_5 | BlocksMC1_6_1 | BlocksMC1_7_2 | BlocksMC1_8 | BlocksMC1_9 | BlocksMC1_10 | BlocksMC1_11 | BlocksMC1_12
  checks: FastConsume | Gutenberg | HotFixFallingBlockPortalEnter
  defaults: pvpKnockBackVelocity
Hooks: AllViolations~NCP~ 1.0
#### Related Plugins ####
ProtocolLib v5.1.0
24-01-21 17:15:54 [INFO] Jammekaa failed Text: acted like spamming (IP: ctivate.adobe.com/127.0.0.1). VL 1.
24-01-21 17:15:54 [INFO] (CONSOLE) Kicked Jammekaa : You're not allowed to spam in chat!
24-01-21 17:17:57 [INFO] Jammekaa failed Text: acted like spamming (IP: ctivate.adobe.com/127.0.0.1). VL 0.
24-01-21 17:17:57 [INFO] (CONSOLE) Kicked Jammekaa : You're not allowed to spam in chat!
24-01-21 17:18:07 [INFO] Jammekaa failed Text: acted like spamming (IP: 127.0.0.1). VL 1.
24-01-21 17:18:07 [INFO] (CONSOLE) Kicked Jammekaa : You're not allowed to spam in chat!
24-01-21 17:18:09 [INFO] Jammekaa failed Relog: relogs too fast. VL 1.
24-01-21 17:19:37 [INFO] §cNCP: §fReloading configuration...
24-01-21 17:19:37 [INFO] Logger started.
24-01-21 17:19:37 [INFO] McAccess set to: 1.4.6-1.11.2|? / Bukkit-API
24-01-21 17:19:37 [INFO] §cNCP: §fConfiguration reloaded.
24-01-21 17:19:37 [WARNING] Running in Bukkit-API-only mode (git-Paper-196 (MC: 1.20.1)). If this is not intended, please check for updates and consider to request support.
24-01-21 17:19:37 [WARNING]  Check for updates and support at BukkitDev: https://dev.bukkit.org/server-mods/nocheatplus/
24-01-21 17:19:37 [WARNING]  Development builds (unsupported by the Bukkit Staff, use at your own risk): https://ci.md-5.net/job/NoCheatPlus/changes
24-01-21 17:19:37 [WARNING] Bukkit-API-only mode: Some features will likely not function properly, performance might suffer.
24-01-21 17:19:37 [INFO] [GenericInstanceRegistry] Registered (override) for fr.neatmonster.nocheatplus.compat.MCAccess: fr.neatmonster.nocheatplus.compat.bukkit.MCAccessBukkit
24-01-21 17:19:37 [INFO] [GenericInstanceRegistry] Registered (override) for fr.neatmonster.nocheatplus.utilities.map.BlockCache: fr.neatmonster.nocheatplus.compat.bukkit.BlockCacheBukkit
24-01-21 17:19:37 [INFO] [GenericInstanceRegistry] Registered (override) for fr.neatmonster.nocheatplus.components.modifier.IAttributeAccess: fr.neatmonster.nocheatplus.compat.bukkit.BukkitAttributeAccess
24-01-21 17:19:37 [INFO] Could not register an instance for: fr.neatmonster.nocheatplus.components.entity.IEntityAccessLastPositionAndLook
24-01-21 17:19:37 [INFO] [GenericInstanceRegistry] Registered (override) for fr.neatmonster.nocheatplus.components.entity.IEntityAccessVehicle: fr.neatmonster.nocheatplus.compat.bukkit.EntityAccessVehicleMultiPassenger
24-01-21 17:19:37 [INFO] Added block-info for Minecraft 1.5 blocks.
24-01-21 17:19:37 [INFO] Added block-info for Minecraft 1.6.1 blocks.
24-01-21 17:19:37 [INFO] Added block-info for Minecraft 1.7.2 blocks.
24-01-21 17:19:37 [INFO] Added block-info for Minecraft 1.8 blocks.
24-01-21 17:19:37 [INFO] Added block-info for Minecraft 1.9 blocks.
24-01-21 17:19:37 [INFO] Added block-info for Minecraft 1.10 blocks.
24-01-21 17:19:37 [INFO] Added block-info for Minecraft 1.11 blocks.
24-01-21 17:19:37 [INFO] Added block-info for Minecraft 1.12 blocks.
24-01-21 17:19:37 [INFO] Removed hook: AllViolations(NCP) [1.0].
24-01-21 17:19:37 [INFO] Added hook: AllViolations(NCP) [1.0].
24-01-21 17:19:37 [INFO] Inventory checks: FastConsume is available, disabled InstantEat.
24-01-21 17:19:37 [INFO] ---- Version information ----
#### Server ####
git-Paper-196 ~MC: 1.20.1~
  detected: 1.20.1
#### NoCheatPlus ####
Plugin: 3.16.0-RC-sMD5NET-b1134
MCAccess: 1.4.6-1.11.2|? / Bukkit-API
Features:
  blocks: BlocksMC1_4 | BlocksMC1_5 | BlocksMC1_6_1 | BlocksMC1_7_2 | BlocksMC1_8 | BlocksMC1_9 | BlocksMC1_10 | BlocksMC1_11 | BlocksMC1_12
  checks: FastConsume | Gutenberg | HotFixFallingBlockPortalEnter
  defaults: pvpKnockBackVelocity
Hooks: AllViolations~NCP~ 1.0
#### Related Plugins ####
ProtocolLib v5.1.0
24-01-21 17:19:45 [INFO] Jammekaa failed Text: acted like spamming (IP: ctivate.adobe.com/127.0.0.1). VL 1.
24-01-21 17:19:45 [INFO] (CONSOLE) Kicked Jammekaa : You're not allowed to spam in chat!
24-01-21 17:20:23 [INFO] Jammekaa failed Text: acted like spamming (IP: 127.0.0.1). VL 1.
24-01-21 17:20:23 [INFO] (CONSOLE) Kicked Jammekaa : You're not allowed to spam in chat!
24-01-21 17:22:07 [INFO] §cNCP: §fReloading configuration...
24-01-21 17:22:07 [INFO] Logger started.
24-01-21 17:22:07 [INFO] McAccess set to: 1.4.6-1.11.2|? / Bukkit-API
24-01-21 17:22:07 [INFO] §cNCP: §fConfiguration reloaded.
24-01-21 17:22:07 [WARNING] Running in Bukkit-API-only mode (git-Paper-196 (MC: 1.20.1)). If this is not intended, please check for updates and consider to request support.
24-01-21 17:22:07 [WARNING]  Check for updates and support at BukkitDev: https://dev.bukkit.org/server-mods/nocheatplus/
24-01-21 17:22:07 [WARNING]  Development builds (unsupported by the Bukkit Staff, use at your own risk): https://ci.md-5.net/job/NoCheatPlus/changes
24-01-21 17:22:07 [WARNING] Bukkit-API-only mode: Some features will likely not function properly, performance might suffer.
24-01-21 17:22:07 [INFO] [GenericInstanceRegistry] Registered (override) for fr.neatmonster.nocheatplus.compat.MCAccess: fr.neatmonster.nocheatplus.compat.bukkit.MCAccessBukkit
24-01-21 17:22:07 [INFO] [GenericInstanceRegistry] Registered (override) for fr.neatmonster.nocheatplus.utilities.map.BlockCache: fr.neatmonster.nocheatplus.compat.bukkit.BlockCacheBukkit
24-01-21 17:22:07 [INFO] [GenericInstanceRegistry] Registered (override) for fr.neatmonster.nocheatplus.components.modifier.IAttributeAccess: fr.neatmonster.nocheatplus.compat.bukkit.BukkitAttributeAccess
24-01-21 17:22:07 [INFO] Could not register an instance for: fr.neatmonster.nocheatplus.components.entity.IEntityAccessLastPositionAndLook
24-01-21 17:22:07 [INFO] [GenericInstanceRegistry] Registered (override) for fr.neatmonster.nocheatplus.components.entity.IEntityAccessVehicle: fr.neatmonster.nocheatplus.compat.bukkit.EntityAccessVehicleMultiPassenger
24-01-21 17:22:07 [INFO] Added block-info for Minecraft 1.5 blocks.
24-01-21 17:22:07 [INFO] Added block-info for Minecraft 1.6.1 blocks.
24-01-21 17:22:07 [INFO] Added block-info for Minecraft 1.7.2 blocks.
24-01-21 17:22:07 [INFO] Added block-info for Minecraft 1.8 blocks.
24-01-21 17:22:07 [INFO] Added block-info for Minecraft 1.9 blocks.
24-01-21 17:22:07 [INFO] Added block-info for Minecraft 1.10 blocks.
24-01-21 17:22:07 [INFO] Added block-info for Minecraft 1.11 blocks.
24-01-21 17:22:07 [INFO] Added block-info for Minecraft 1.12 blocks.
24-01-21 17:22:07 [INFO] Removed hook: AllViolations(NCP) [1.0].
24-01-21 17:22:07 [INFO] Added hook: AllViolations(NCP) [1.0].
24-01-21 17:22:07 [INFO] Inventory checks: FastConsume is available, disabled InstantEat.
24-01-21 17:22:07 [INFO] ---- Version information ----
#### Server ####
git-Paper-196 ~MC: 1.20.1~
  detected: 1.20.1
#### NoCheatPlus ####
Plugin: 3.16.0-RC-sMD5NET-b1134
MCAccess: 1.4.6-1.11.2|? / Bukkit-API
Features:
  blocks: BlocksMC1_4 | BlocksMC1_5 | BlocksMC1_6_1 | BlocksMC1_7_2 | BlocksMC1_8 | BlocksMC1_9 | BlocksMC1_10 | BlocksMC1_11 | BlocksMC1_12
  checks: FastConsume | Gutenberg | HotFixFallingBlockPortalEnter
  defaults: pvpKnockBackVelocity
Hooks: AllViolations~NCP~ 1.0
#### Related Plugins ####
ProtocolLib v5.1.0
24-01-21 18:08:46 [INFO] Removed hook: AllViolations(NCP) [1.0].
24-01-21 18:08:46 [FINE] | cancel.dead 0 | cancel.offline 0 | block.interact.look.current 0 | block.interact.look.flying.first 0 | block.interact.look.flying.other 0 | illegalitem 0 | boatsanywhere 0 | throwenderpearl 0 | fakeinvulnerable 0 | eggonentity 0 | event.player.move 1499 (1499/0) |
24-01-21 18:08:46 [INFO] [GenericInstanceRegistry] Registry cleared.
